<?xml version="1.0" encoding="UTF-8"?>
<!-- Generated by org.testng.reporters.JUnitXMLReporter -->
<testsuite hostname="dhcp201-111.englab.pnq.redhat.com" name="Default test" tests="4" failures="0" timestamp="21 Aug 2017 05:39:37 GMT" time="225.216" errors="0">
  <testcase name="testOpenListCasePage" time="54.562" classname="tests.SSOTests"/>
  <testcase name="testOpenListCasePage" time="51.528" classname="tests.SSOTests"/>
  <testcase name="testOpenListCasePage" time="55.049" classname="tests.SSOTests"/>
  <testcase name="testOpenListCasePage" time="54.761" classname="tests.SSOTests"/>
</testsuite> <!-- Default test -->
