<?xml version="1.0" encoding="UTF-8"?>
<testng-results skipped="0" failed="0" total="8" passed="8">
  <reporter-output>
  </reporter-output>
  <suite name="AllTests" duration-ms="352229" started-at="2017-08-22T06:47:53Z" finished-at="2017-08-22T06:53:45Z">
    <groups>
    </groups>
    <test name="Regression suite 1" duration-ms="352229" started-at="2017-08-22T06:47:53Z" finished-at="2017-08-22T06:53:45Z">
      <class name="tests.SSOTests">
        <test-method status="PASS" signature="setup()[pri:0, instance:tests.SSOTests@129a8472]" name="setup" is-config="true" duration-ms="3167" started-at="2017-08-22T12:17:53Z" finished-at="2017-08-22T12:17:56Z">
          <reporter-output>
          </reporter-output>
        </test-method> <!-- setup -->
        <test-method status="PASS" signature="testOpenCasePage(java.lang.String, java.lang.String)[pri:0, instance:tests.SSOTests@129a8472]" name="testOpenCasePage" duration-ms="30179" started-at="2017-08-22T12:17:56Z" data-provider="case" finished-at="2017-08-22T12:18:26Z">
          <params>
            <param index="0">
              <value>
                <![CDATA[phk@jndata.dk]]>
              </value>
            </param>
            <param index="1">
              <value>
                <![CDATA[01831741]]>
              </value>
            </param>
          </params>
          <reporter-output>
          </reporter-output>
        </test-method> <!-- testOpenCasePage -->
        <test-method status="PASS" signature="teardown()[pri:0, instance:tests.SSOTests@129a8472]" name="teardown" is-config="true" duration-ms="83" started-at="2017-08-22T12:18:26Z" finished-at="2017-08-22T12:18:26Z">
          <reporter-output>
          </reporter-output>
        </test-method> <!-- teardown -->
        <test-method status="PASS" signature="setup()[pri:0, instance:tests.SSOTests@129a8472]" name="setup" is-config="true" duration-ms="1979" started-at="2017-08-22T12:18:26Z" finished-at="2017-08-22T12:18:28Z">
          <reporter-output>
          </reporter-output>
        </test-method> <!-- setup -->
        <test-method status="PASS" signature="testOpenCasePage(java.lang.String, java.lang.String)[pri:0, instance:tests.SSOTests@129a8472]" name="testOpenCasePage" duration-ms="31517" started-at="2017-08-22T12:18:28Z" data-provider="case" finished-at="2017-08-22T12:19:00Z">
          <params>
            <param index="0">
              <value>
                <![CDATA[brian.macleod@oit.gatech.edu]]>
              </value>
            </param>
            <param index="1">
              <value>
                <![CDATA[01829749]]>
              </value>
            </param>
          </params>
          <reporter-output>
          </reporter-output>
        </test-method> <!-- testOpenCasePage -->
        <test-method status="PASS" signature="teardown()[pri:0, instance:tests.SSOTests@129a8472]" name="teardown" is-config="true" duration-ms="76" started-at="2017-08-22T12:19:00Z" finished-at="2017-08-22T12:19:00Z">
          <reporter-output>
          </reporter-output>
        </test-method> <!-- teardown -->
        <test-method status="PASS" signature="setup()[pri:0, instance:tests.SSOTests@129a8472]" name="setup" is-config="true" duration-ms="1970" started-at="2017-08-22T12:19:00Z" finished-at="2017-08-22T12:19:02Z">
          <reporter-output>
          </reporter-output>
        </test-method> <!-- setup -->
        <test-method status="PASS" signature="testOpenCasePage(java.lang.String, java.lang.String)[pri:0, instance:tests.SSOTests@129a8472]" name="testOpenCasePage" duration-ms="26342" started-at="2017-08-22T12:19:02Z" data-provider="case" finished-at="2017-08-22T12:19:28Z">
          <params>
            <param index="0">
              <value>
                <![CDATA[caf_bec]]>
              </value>
            </param>
            <param index="1">
              <value>
                <![CDATA[01829557]]>
              </value>
            </param>
          </params>
          <reporter-output>
          </reporter-output>
        </test-method> <!-- testOpenCasePage -->
        <test-method status="PASS" signature="teardown()[pri:0, instance:tests.SSOTests@129a8472]" name="teardown" is-config="true" duration-ms="82" started-at="2017-08-22T12:19:28Z" finished-at="2017-08-22T12:19:28Z">
          <reporter-output>
          </reporter-output>
        </test-method> <!-- teardown -->
        <test-method status="PASS" signature="setup()[pri:0, instance:tests.SSOTests@129a8472]" name="setup" is-config="true" duration-ms="1842" started-at="2017-08-22T12:19:28Z" finished-at="2017-08-22T12:19:30Z">
          <reporter-output>
          </reporter-output>
        </test-method> <!-- setup -->
        <test-method status="PASS" signature="testOpenCasePage(java.lang.String, java.lang.String)[pri:0, instance:tests.SSOTests@129a8472]" name="testOpenCasePage" duration-ms="36048" started-at="2017-08-22T12:19:30Z" data-provider="case" finished-at="2017-08-22T12:20:06Z">
          <params>
            <param index="0">
              <value>
                <![CDATA[Rhn-support-prchavan]]>
              </value>
            </param>
            <param index="1">
              <value>
                <![CDATA[01821967]]>
              </value>
            </param>
          </params>
          <reporter-output>
          </reporter-output>
        </test-method> <!-- testOpenCasePage -->
        <test-method status="PASS" signature="teardown()[pri:0, instance:tests.SSOTests@129a8472]" name="teardown" is-config="true" duration-ms="72" started-at="2017-08-22T12:20:06Z" finished-at="2017-08-22T12:20:06Z">
          <reporter-output>
          </reporter-output>
        </test-method> <!-- teardown -->
        <test-method status="PASS" signature="setup()[pri:0, instance:tests.SSOTests@129a8472]" name="setup" is-config="true" duration-ms="1876" started-at="2017-08-22T12:20:06Z" finished-at="2017-08-22T12:20:08Z">
          <reporter-output>
          </reporter-output>
        </test-method> <!-- setup -->
        <test-method status="PASS" signature="testOpenListCasePage(java.lang.String)[pri:0, instance:tests.SSOTests@129a8472]" name="testOpenListCasePage" duration-ms="46730" started-at="2017-08-22T12:20:08Z" data-provider="Authentication" finished-at="2017-08-22T12:20:55Z">
          <params>
            <param index="0">
              <value>
                <![CDATA[phk@jndata.dk]]>
              </value>
            </param>
          </params>
          <reporter-output>
          </reporter-output>
        </test-method> <!-- testOpenListCasePage -->
        <test-method status="PASS" signature="teardown()[pri:0, instance:tests.SSOTests@129a8472]" name="teardown" is-config="true" duration-ms="106" started-at="2017-08-22T12:20:55Z" finished-at="2017-08-22T12:20:55Z">
          <reporter-output>
          </reporter-output>
        </test-method> <!-- teardown -->
        <test-method status="PASS" signature="setup()[pri:0, instance:tests.SSOTests@129a8472]" name="setup" is-config="true" duration-ms="1886" started-at="2017-08-22T12:20:55Z" finished-at="2017-08-22T12:20:57Z">
          <reporter-output>
          </reporter-output>
        </test-method> <!-- setup -->
        <test-method status="PASS" signature="testOpenListCasePage(java.lang.String)[pri:0, instance:tests.SSOTests@129a8472]" name="testOpenListCasePage" duration-ms="45745" started-at="2017-08-22T12:20:57Z" data-provider="Authentication" finished-at="2017-08-22T12:21:43Z">
          <params>
            <param index="0">
              <value>
                <![CDATA[brian.macleod@oit.gatech.edu]]>
              </value>
            </param>
          </params>
          <reporter-output>
          </reporter-output>
        </test-method> <!-- testOpenListCasePage -->
        <test-method status="PASS" signature="teardown()[pri:0, instance:tests.SSOTests@129a8472]" name="teardown" is-config="true" duration-ms="73" started-at="2017-08-22T12:21:43Z" finished-at="2017-08-22T12:21:43Z">
          <reporter-output>
          </reporter-output>
        </test-method> <!-- teardown -->
        <test-method status="PASS" signature="setup()[pri:0, instance:tests.SSOTests@129a8472]" name="setup" is-config="true" duration-ms="1987" started-at="2017-08-22T12:21:43Z" finished-at="2017-08-22T12:21:45Z">
          <reporter-output>
          </reporter-output>
        </test-method> <!-- setup -->
        <test-method status="PASS" signature="testOpenListCasePage(java.lang.String)[pri:0, instance:tests.SSOTests@129a8472]" name="testOpenListCasePage" duration-ms="47428" started-at="2017-08-22T12:21:45Z" data-provider="Authentication" finished-at="2017-08-22T12:22:32Z">
          <params>
            <param index="0">
              <value>
                <![CDATA[caf_bec]]>
              </value>
            </param>
          </params>
          <reporter-output>
          </reporter-output>
        </test-method> <!-- testOpenListCasePage -->
        <test-method status="PASS" signature="teardown()[pri:0, instance:tests.SSOTests@129a8472]" name="teardown" is-config="true" duration-ms="81" started-at="2017-08-22T12:22:32Z" finished-at="2017-08-22T12:22:32Z">
          <reporter-output>
          </reporter-output>
        </test-method> <!-- teardown -->
        <test-method status="PASS" signature="setup()[pri:0, instance:tests.SSOTests@129a8472]" name="setup" is-config="true" duration-ms="1852" started-at="2017-08-22T12:22:32Z" finished-at="2017-08-22T12:22:34Z">
          <reporter-output>
          </reporter-output>
        </test-method> <!-- setup -->
        <test-method status="PASS" signature="testOpenListCasePage(java.lang.String)[pri:0, instance:tests.SSOTests@129a8472]" name="testOpenListCasePage" duration-ms="71008" started-at="2017-08-22T12:22:34Z" data-provider="Authentication" finished-at="2017-08-22T12:23:45Z">
          <params>
            <param index="0">
              <value>
                <![CDATA[Rhn-support-prchavan]]>
              </value>
            </param>
          </params>
          <reporter-output>
          </reporter-output>
        </test-method> <!-- testOpenListCasePage -->
        <test-method status="PASS" signature="teardown()[pri:0, instance:tests.SSOTests@129a8472]" name="teardown" is-config="true" duration-ms="85" started-at="2017-08-22T12:23:45Z" finished-at="2017-08-22T12:23:45Z">
          <reporter-output>
          </reporter-output>
        </test-method> <!-- teardown -->
      </class> <!-- tests.SSOTests -->
    </test> <!-- Regression suite 1 -->
  </suite> <!-- AllTests -->
</testng-results>
