<?xml version="1.0" encoding="UTF-8"?>
<testng-results skipped="0" failed="0" total="1" passed="1">
  <reporter-output>
  </reporter-output>
  <suite name="AllTests" duration-ms="4789" started-at="2019-06-06T10:01:09Z" finished-at="2019-06-06T10:01:14Z">
    <groups>
    </groups>
    <test name="Regression suite 1" duration-ms="4789" started-at="2019-06-06T10:01:09Z" finished-at="2019-06-06T10:01:14Z">
      <class name="tests.Monitor">
        <test-method status="PASS" signature="verifyHealthLocator()[pri:0, instance:tests.Monitor@23223dd8]" name="verifyHealthLocator" duration-ms="4778" started-at="2019-06-06T15:31:09Z" finished-at="2019-06-06T15:31:14Z">
          <reporter-output>
          </reporter-output>
        </test-method> <!-- verifyHealthLocator -->
      </class> <!-- tests.Monitor -->
    </test> <!-- Regression suite 1 -->
  </suite> <!-- AllTests -->
</testng-results>
