<?xml version="1.0" encoding="UTF-8"?>
<!-- Generated by org.testng.reporters.JUnitXMLReporter -->
<testsuite hostname="dhcp201-111.englab.pnq.redhat.com" name="Regression suite 1" tests="8" failures="0" timestamp="22 Aug 2017 06:53:45 GMT" time="352.229" errors="0">
  <testcase name="testOpenCasePage" time="30.179" classname="tests.SSOTests"/>
  <testcase name="testOpenCasePage" time="31.517" classname="tests.SSOTests"/>
  <testcase name="testOpenCasePage" time="26.342" classname="tests.SSOTests"/>
  <testcase name="testOpenCasePage" time="36.048" classname="tests.SSOTests"/>
  <testcase name="testOpenListCasePage" time="46.73" classname="tests.SSOTests"/>
  <testcase name="testOpenListCasePage" time="45.745" classname="tests.SSOTests"/>
  <testcase name="testOpenListCasePage" time="47.428" classname="tests.SSOTests"/>
  <testcase name="testOpenListCasePage" time="71.008" classname="tests.SSOTests"/>
</testsuite> <!-- Regression suite 1 -->
